2013/04/27 20:00:01 [error] [exception.CHttpException.404] exception 'CHttpException' with message 'Unable to resolve the request "images/ico/favicon.ico".' in D:\www\GitHub\crisu83\yiistrap-docs\docs\yii\web\CWebApplication.php:286
Stack trace:
#0 D:\www\GitHub\crisu83\yiistrap-docs\docs\yii\web\CWebApplication.php(141): CWebApplication->runController('images/ico/favi...')
#1 D:\www\GitHub\crisu83\yiistrap-docs\docs\yii\base\CApplication.php(169): CWebApplication->processRequest()
#2 D:\www\GitHub\crisu83\yiistrap-docs\docs\web\index.php(16): CApplication->run()
#3 {main}
REQUEST_URI=/GitHub/crisu83/yiistrap-docs/docs/web/images/ico/favicon.ico
---
2013/04/27 20:00:11 [error] [exception.CHttpException.404] exception 'CHttpException' with message 'Unable to resolve the request "images/ico/favicon.ico".' in D:\www\GitHub\crisu83\yiistrap-docs\docs\yii\web\CWebApplication.php:286
Stack trace:
#0 D:\www\GitHub\crisu83\yiistrap-docs\docs\yii\web\CWebApplication.php(141): CWebApplication->runController('images/ico/favi...')
#1 D:\www\GitHub\crisu83\yiistrap-docs\docs\yii\base\CApplication.php(169): CWebApplication->processRequest()
#2 D:\www\GitHub\crisu83\yiistrap-docs\docs\web\index.php(16): CApplication->run()
#3 {main}
REQUEST_URI=/GitHub/crisu83/yiistrap-docs/docs/web/images/ico/favicon.ico
---
2013/04/27 20:00:36 [error] [exception.CHttpException.404] exception 'CHttpException' with message 'The system is unable to find the requested action "api".' in D:\www\GitHub\crisu83\yiistrap-docs\docs\yii\web\CController.php:483
Stack trace:
#0 D:\www\GitHub\crisu83\yiistrap-docs\docs\yii\web\CController.php(270): CController->missingAction('api')
#1 D:\www\GitHub\crisu83\yiistrap-docs\docs\yii\web\CWebApplication.php(282): CController->run('api')
#2 D:\www\GitHub\crisu83\yiistrap-docs\docs\yii\web\CWebApplication.php(141): CWebApplication->runController('site/api')
#3 D:\www\GitHub\crisu83\yiistrap-docs\docs\yii\base\CApplication.php(169): CWebApplication->processRequest()
#4 D:\www\GitHub\crisu83\yiistrap-docs\docs\web\index.php(16): CApplication->run()
#5 {main}
REQUEST_URI=/GitHub/crisu83/yiistrap-docs/docs/web/site/api
HTTP_REFERER=http://localhost/GitHub/crisu83/yiistrap-docs/docs/web/site/started
---
2013/04/27 20:00:36 [error] [exception.CHttpException.404] exception 'CHttpException' with message 'Unable to resolve the request "images/ico/favicon.ico".' in D:\www\GitHub\crisu83\yiistrap-docs\docs\yii\web\CWebApplication.php:286
Stack trace:
#0 D:\www\GitHub\crisu83\yiistrap-docs\docs\yii\web\CWebApplication.php(141): CWebApplication->runController('images/ico/favi...')
#1 D:\www\GitHub\crisu83\yiistrap-docs\docs\yii\base\CApplication.php(169): CWebApplication->processRequest()
#2 D:\www\GitHub\crisu83\yiistrap-docs\docs\web\index.php(16): CApplication->run()
#3 {main}
REQUEST_URI=/GitHub/crisu83/yiistrap-docs/docs/web/images/ico/favicon.ico
---
2013/04/27 20:00:38 [error] [exception.CHttpException.404] exception 'CHttpException' with message 'Unable to resolve the request "images/ico/favicon.ico".' in D:\www\GitHub\crisu83\yiistrap-docs\docs\yii\web\CWebApplication.php:286
Stack trace:
#0 D:\www\GitHub\crisu83\yiistrap-docs\docs\yii\web\CWebApplication.php(141): CWebApplication->runController('images/ico/favi...')
#1 D:\www\GitHub\crisu83\yiistrap-docs\docs\yii\base\CApplication.php(169): CWebApplication->processRequest()
#2 D:\www\GitHub\crisu83\yiistrap-docs\docs\web\index.php(16): CApplication->run()
#3 {main}
REQUEST_URI=/GitHub/crisu83/yiistrap-docs/docs/web/images/ico/favicon.ico
---
2013/04/27 20:00:40 [error] [exception.CHttpException.404] exception 'CHttpException' with message 'Unable to resolve the request "images/ico/favicon.ico".' in D:\www\GitHub\crisu83\yiistrap-docs\docs\yii\web\CWebApplication.php:286
Stack trace:
#0 D:\www\GitHub\crisu83\yiistrap-docs\docs\yii\web\CWebApplication.php(141): CWebApplication->runController('images/ico/favi...')
#1 D:\www\GitHub\crisu83\yiistrap-docs\docs\yii\base\CApplication.php(169): CWebApplication->processRequest()
#2 D:\www\GitHub\crisu83\yiistrap-docs\docs\web\index.php(16): CApplication->run()
#3 {main}
REQUEST_URI=/GitHub/crisu83/yiistrap-docs/docs/web/images/ico/favicon.ico
---
2013/04/27 20:01:20 [error] [exception.CHttpException.404] exception 'CHttpException' with message 'Unable to resolve the request "images/ico/favicon.ico".' in D:\www\GitHub\crisu83\yiistrap-docs\docs\yii\web\CWebApplication.php:286
Stack trace:
#0 D:\www\GitHub\crisu83\yiistrap-docs\docs\yii\web\CWebApplication.php(141): CWebApplication->runController('images/ico/favi...')
#1 D:\www\GitHub\crisu83\yiistrap-docs\docs\yii\base\CApplication.php(169): CWebApplication->processRequest()
#2 D:\www\GitHub\crisu83\yiistrap-docs\docs\web\index.php(16): CApplication->run()
#3 {main}
REQUEST_URI=/GitHub/crisu83/yiistrap-docs/docs/web/images/ico/favicon.ico
---
2013/04/29 10:44:58 [error] [exception.CHttpException.404] exception 'CHttpException' with message 'The system is unable to find the requested action "docs".' in D:\www\GitHub\crisu83\yiistrap-docs\docs\yii\web\CController.php:483
Stack trace:
#0 D:\www\GitHub\crisu83\yiistrap-docs\docs\yii\web\CController.php(270): CController->missingAction('docs')
#1 D:\www\GitHub\crisu83\yiistrap-docs\docs\yii\web\CWebApplication.php(282): CController->run('docs')
#2 D:\www\GitHub\crisu83\yiistrap-docs\docs\yii\web\CWebApplication.php(141): CWebApplication->runController('site/docs')
#3 D:\www\GitHub\crisu83\yiistrap-docs\docs\yii\base\CApplication.php(169): CWebApplication->processRequest()
#4 D:\www\GitHub\crisu83\yiistrap-docs\docs\web\index.php(16): CApplication->run()
#5 {main}
REQUEST_URI=/GitHub/crisu83/yiistrap-docs/docs/web/site/docs
HTTP_REFERER=http://localhost/GitHub/crisu83/yiistrap-docs/docs/web/site/started
---
2013/04/29 10:44:58 [error] [exception.CHttpException.404] exception 'CHttpException' with message 'Unable to resolve the request "images/ico/favicon.ico".' in D:\www\GitHub\crisu83\yiistrap-docs\docs\yii\web\CWebApplication.php:286
Stack trace:
#0 D:\www\GitHub\crisu83\yiistrap-docs\docs\yii\web\CWebApplication.php(141): CWebApplication->runController('images/ico/favi...')
#1 D:\www\GitHub\crisu83\yiistrap-docs\docs\yii\base\CApplication.php(169): CWebApplication->processRequest()
#2 D:\www\GitHub\crisu83\yiistrap-docs\docs\web\index.php(16): CApplication->run()
#3 {main}
REQUEST_URI=/GitHub/crisu83/yiistrap-docs/docs/web/images/ico/favicon.ico
---
2013/04/29 10:44:59 [error] [exception.CHttpException.404] exception 'CHttpException' with message 'Unable to resolve the request "images/ico/favicon.ico".' in D:\www\GitHub\crisu83\yiistrap-docs\docs\yii\web\CWebApplication.php:286
Stack trace:
#0 D:\www\GitHub\crisu83\yiistrap-docs\docs\yii\web\CWebApplication.php(141): CWebApplication->runController('images/ico/favi...')
#1 D:\www\GitHub\crisu83\yiistrap-docs\docs\yii\base\CApplication.php(169): CWebApplication->processRequest()
#2 D:\www\GitHub\crisu83\yiistrap-docs\docs\web\index.php(16): CApplication->run()
#3 {main}
REQUEST_URI=/GitHub/crisu83/yiistrap-docs/docs/web/images/ico/favicon.ico
---
2013/04/29 10:45:00 [error] [exception.CHttpException.404] exception 'CHttpException' with message 'Unable to resolve the request "images/ico/favicon.ico".' in D:\www\GitHub\crisu83\yiistrap-docs\docs\yii\web\CWebApplication.php:286
Stack trace:
#0 D:\www\GitHub\crisu83\yiistrap-docs\docs\yii\web\CWebApplication.php(141): CWebApplication->runController('images/ico/favi...')
#1 D:\www\GitHub\crisu83\yiistrap-docs\docs\yii\base\CApplication.php(169): CWebApplication->processRequest()
#2 D:\www\GitHub\crisu83\yiistrap-docs\docs\web\index.php(16): CApplication->run()
#3 {main}
REQUEST_URI=/GitHub/crisu83/yiistrap-docs/docs/web/images/ico/favicon.ico
---
2013/04/29 10:45:04 [error] [exception.CHttpException.404] exception 'CHttpException' with message 'Unable to resolve the request "images/ico/favicon.ico".' in D:\www\GitHub\crisu83\yiistrap-docs\docs\yii\web\CWebApplication.php:286
Stack trace:
#0 D:\www\GitHub\crisu83\yiistrap-docs\docs\yii\web\CWebApplication.php(141): CWebApplication->runController('images/ico/favi...')
#1 D:\www\GitHub\crisu83\yiistrap-docs\docs\yii\base\CApplication.php(169): CWebApplication->processRequest()
#2 D:\www\GitHub\crisu83\yiistrap-docs\docs\web\index.php(16): CApplication->run()
#3 {main}
REQUEST_URI=/GitHub/crisu83/yiistrap-docs/docs/web/images/ico/favicon.ico
---
2013/04/29 10:45:04 [error] [exception.CHttpException.404] exception 'CHttpException' with message 'Unable to resolve the request "images/ico/favicon.ico".' in D:\www\GitHub\crisu83\yiistrap-docs\docs\yii\web\CWebApplication.php:286
Stack trace:
#0 D:\www\GitHub\crisu83\yiistrap-docs\docs\yii\web\CWebApplication.php(141): CWebApplication->runController('images/ico/favi...')
#1 D:\www\GitHub\crisu83\yiistrap-docs\docs\yii\base\CApplication.php(169): CWebApplication->processRequest()
#2 D:\www\GitHub\crisu83\yiistrap-docs\docs\web\index.php(16): CApplication->run()
#3 {main}
REQUEST_URI=/GitHub/crisu83/yiistrap-docs/docs/web/images/ico/favicon.ico
---
2013/04/29 10:46:59 [error] [exception.CHttpException.404] exception 'CHttpException' with message 'Unable to resolve the request "images/ico/favicon.ico".' in D:\www\GitHub\crisu83\yiistrap-docs\docs\yii\web\CWebApplication.php:286
Stack trace:
#0 D:\www\GitHub\crisu83\yiistrap-docs\docs\yii\web\CWebApplication.php(141): CWebApplication->runController('images/ico/favi...')
#1 D:\www\GitHub\crisu83\yiistrap-docs\docs\yii\base\CApplication.php(169): CWebApplication->processRequest()
#2 D:\www\GitHub\crisu83\yiistrap-docs\docs\web\index.php(16): CApplication->run()
#3 {main}
REQUEST_URI=/GitHub/crisu83/yiistrap-docs/docs/web/images/ico/favicon.ico
---
2013/04/29 10:47:00 [error] [exception.CHttpException.404] exception 'CHttpException' with message 'Unable to resolve the request "images/ico/favicon.ico".' in D:\www\GitHub\crisu83\yiistrap-docs\docs\yii\web\CWebApplication.php:286
Stack trace:
#0 D:\www\GitHub\crisu83\yiistrap-docs\docs\yii\web\CWebApplication.php(141): CWebApplication->runController('images/ico/favi...')
#1 D:\www\GitHub\crisu83\yiistrap-docs\docs\yii\base\CApplication.php(169): CWebApplication->processRequest()
#2 D:\www\GitHub\crisu83\yiistrap-docs\docs\web\index.php(16): CApplication->run()
#3 {main}
REQUEST_URI=/GitHub/crisu83/yiistrap-docs/docs/web/images/ico/favicon.ico
---
2013/04/29 10:47:03 [error] [exception.CHttpException.404] exception 'CHttpException' with message 'Unable to resolve the request "images/ico/favicon.ico".' in D:\www\GitHub\crisu83\yiistrap-docs\docs\yii\web\CWebApplication.php:286
Stack trace:
#0 D:\www\GitHub\crisu83\yiistrap-docs\docs\yii\web\CWebApplication.php(141): CWebApplication->runController('images/ico/favi...')
#1 D:\www\GitHub\crisu83\yiistrap-docs\docs\yii\base\CApplication.php(169): CWebApplication->processRequest()
#2 D:\www\GitHub\crisu83\yiistrap-docs\docs\web\index.php(16): CApplication->run()
#3 {main}
REQUEST_URI=/GitHub/crisu83/yiistrap-docs/docs/web/images/ico/favicon.ico
---
2013/04/29 10:47:10 [error] [exception.CHttpException.404] exception 'CHttpException' with message 'The system is unable to find the requested action "docs".' in D:\www\GitHub\crisu83\yiistrap-docs\docs\yii\web\CController.php:483
Stack trace:
#0 D:\www\GitHub\crisu83\yiistrap-docs\docs\yii\web\CController.php(270): CController->missingAction('docs')
#1 D:\www\GitHub\crisu83\yiistrap-docs\docs\yii\web\CWebApplication.php(282): CController->run('docs')
#2 D:\www\GitHub\crisu83\yiistrap-docs\docs\yii\web\CWebApplication.php(141): CWebApplication->runController('site/docs')
#3 D:\www\GitHub\crisu83\yiistrap-docs\docs\yii\base\CApplication.php(169): CWebApplication->processRequest()
#4 D:\www\GitHub\crisu83\yiistrap-docs\docs\web\index.php(16): CApplication->run()
#5 {main}
REQUEST_URI=/GitHub/crisu83/yiistrap-docs/docs/web/site/docs
HTTP_REFERER=http://localhost/GitHub/crisu83/yiistrap-docs/docs/web/site/started
---
2013/04/29 10:47:10 [error] [exception.CHttpException.404] exception 'CHttpException' with message 'Unable to resolve the request "images/ico/favicon.ico".' in D:\www\GitHub\crisu83\yiistrap-docs\docs\yii\web\CWebApplication.php:286
Stack trace:
#0 D:\www\GitHub\crisu83\yiistrap-docs\docs\yii\web\CWebApplication.php(141): CWebApplication->runController('images/ico/favi...')
#1 D:\www\GitHub\crisu83\yiistrap-docs\docs\yii\base\CApplication.php(169): CWebApplication->processRequest()
#2 D:\www\GitHub\crisu83\yiistrap-docs\docs\web\index.php(16): CApplication->run()
#3 {main}
REQUEST_URI=/GitHub/crisu83/yiistrap-docs/docs/web/images/ico/favicon.ico
---
2013/04/29 10:47:36 [error] [exception.CHttpException.404] exception 'CHttpException' with message 'Unable to resolve the request "images/ico/favicon.ico".' in D:\www\GitHub\crisu83\yiistrap-docs\docs\yii\web\CWebApplication.php:286
Stack trace:
#0 D:\www\GitHub\crisu83\yiistrap-docs\docs\yii\web\CWebApplication.php(141): CWebApplication->runController('images/ico/favi...')
#1 D:\www\GitHub\crisu83\yiistrap-docs\docs\yii\base\CApplication.php(169): CWebApplication->processRequest()
#2 D:\www\GitHub\crisu83\yiistrap-docs\docs\web\index.php(16): CApplication->run()
#3 {main}
REQUEST_URI=/GitHub/crisu83/yiistrap-docs/docs/web/images/ico/favicon.ico
---
2013/04/29 10:47:40 [error] [exception.CHttpException.404] exception 'CHttpException' with message 'The system is unable to find the requested action "holder.js".' in D:\www\GitHub\crisu83\yiistrap-docs\docs\yii\web\CController.php:483
Stack trace:
#0 D:\www\GitHub\crisu83\yiistrap-docs\docs\yii\web\CController.php(270): CController->missingAction('holder.js')
#1 D:\www\GitHub\crisu83\yiistrap-docs\docs\yii\web\CWebApplication.php(282): CController->run('holder.js')
#2 D:\www\GitHub\crisu83\yiistrap-docs\docs\yii\web\CWebApplication.php(141): CWebApplication->runController('site/holder.js/...')
#3 D:\www\GitHub\crisu83\yiistrap-docs\docs\yii\base\CApplication.php(169): CWebApplication->processRequest()
#4 D:\www\GitHub\crisu83\yiistrap-docs\docs\web\index.php(16): CApplication->run()
#5 {main}
REQUEST_URI=/GitHub/crisu83/yiistrap-docs/docs/web/site/holder.js/140x140
HTTP_REFERER=http://localhost/GitHub/crisu83/yiistrap-docs/docs/web/site/components
---
2013/04/29 10:47:40 [error] [exception.CHttpException.404] exception 'CHttpException' with message 'The system is unable to find the requested action "holder.js".' in D:\www\GitHub\crisu83\yiistrap-docs\docs\yii\web\CController.php:483
Stack trace:
#0 D:\www\GitHub\crisu83\yiistrap-docs\docs\yii\web\CController.php(270): CController->missingAction('holder.js')
#1 D:\www\GitHub\crisu83\yiistrap-docs\docs\yii\web\CWebApplication.php(282): CController->run('holder.js')
#2 D:\www\GitHub\crisu83\yiistrap-docs\docs\yii\web\CWebApplication.php(141): CWebApplication->runController('site/holder.js/...')
#3 D:\www\GitHub\crisu83\yiistrap-docs\docs\yii\base\CApplication.php(169): CWebApplication->processRequest()
#4 D:\www\GitHub\crisu83\yiistrap-docs\docs\web\index.php(16): CApplication->run()
#5 {main}
REQUEST_URI=/GitHub/crisu83/yiistrap-docs/docs/web/site/holder.js/300x200
HTTP_REFERER=http://localhost/GitHub/crisu83/yiistrap-docs/docs/web/site/components
---
2013/04/29 10:47:40 [error] [exception.CHttpException.404] exception 'CHttpException' with message 'The system is unable to find the requested action "holder.js".' in D:\www\GitHub\crisu83\yiistrap-docs\docs\yii\web\CController.php:483
Stack trace:
#0 D:\www\GitHub\crisu83\yiistrap-docs\docs\yii\web\CController.php(270): CController->missingAction('holder.js')
#1 D:\www\GitHub\crisu83\yiistrap-docs\docs\yii\web\CWebApplication.php(282): CController->run('holder.js')
#2 D:\www\GitHub\crisu83\yiistrap-docs\docs\yii\web\CWebApplication.php(141): CWebApplication->runController('site/holder.js/...')
#3 D:\www\GitHub\crisu83\yiistrap-docs\docs\yii\base\CApplication.php(169): CWebApplication->processRequest()
#4 D:\www\GitHub\crisu83\yiistrap-docs\docs\web\index.php(16): CApplication->run()
#5 {main}
REQUEST_URI=/GitHub/crisu83/yiistrap-docs/docs/web/site/holder.js/260x180
HTTP_REFERER=http://localhost/GitHub/crisu83/yiistrap-docs/docs/web/site/components
---
2013/04/29 10:47:40 [error] [exception.CHttpException.404] exception 'CHttpException' with message 'The system is unable to find the requested action "holder.js".' in D:\www\GitHub\crisu83\yiistrap-docs\docs\yii\web\CController.php:483
Stack trace:
#0 D:\www\GitHub\crisu83\yiistrap-docs\docs\yii\web\CController.php(270): CController->missingAction('holder.js')
#1 D:\www\GitHub\crisu83\yiistrap-docs\docs\yii\web\CWebApplication.php(282): CController->run('holder.js')
#2 D:\www\GitHub\crisu83\yiistrap-docs\docs\yii\web\CWebApplication.php(141): CWebApplication->runController('site/holder.js/...')
#3 D:\www\GitHub\crisu83\yiistrap-docs\docs\yii\base\CApplication.php(169): CWebApplication->processRequest()
#4 D:\www\GitHub\crisu83\yiistrap-docs\docs\web\index.php(16): CApplication->run()
#5 {main}
REQUEST_URI=/GitHub/crisu83/yiistrap-docs/docs/web/site/holder.js/64x64
HTTP_REFERER=http://localhost/GitHub/crisu83/yiistrap-docs/docs/web/site/components
---
2013/04/29 10:47:41 [error] [exception.CHttpException.404] exception 'CHttpException' with message 'Unable to resolve the request "images/ico/favicon.ico".' in D:\www\GitHub\crisu83\yiistrap-docs\docs\yii\web\CWebApplication.php:286
Stack trace:
#0 D:\www\GitHub\crisu83\yiistrap-docs\docs\yii\web\CWebApplication.php(141): CWebApplication->runController('images/ico/favi...')
#1 D:\www\GitHub\crisu83\yiistrap-docs\docs\yii\base\CApplication.php(169): CWebApplication->processRequest()
#2 D:\www\GitHub\crisu83\yiistrap-docs\docs\web\index.php(16): CApplication->run()
#3 {main}
REQUEST_URI=/GitHub/crisu83/yiistrap-docs/docs/web/images/ico/favicon.ico
---
2013/04/29 09:50:14 [error] [exception.CHttpException.404] exception 'CHttpException' with message 'Unable to resolve the request "images/ico/favicon.ico".' in D:\www\GitHub\crisu83\yiistrap-docs\vendor\yiisoft\yii\framework\web\CWebApplication.php:286
Stack trace:
#0 D:\www\GitHub\crisu83\yiistrap-docs\vendor\yiisoft\yii\framework\web\CWebApplication.php(141): CWebApplication->runController('images/ico/favi...')
#1 D:\www\GitHub\crisu83\yiistrap-docs\vendor\yiisoft\yii\framework\base\CApplication.php(169): CWebApplication->processRequest()
#2 D:\www\GitHub\crisu83\yiistrap-docs\web\index.php(24): CApplication->run()
#3 {main}
REQUEST_URI=/GitHub/crisu83/yiistrap-docs/web/images/ico/favicon.ico
---
2013/04/29 09:50:15 [error] [exception.CHttpException.404] exception 'CHttpException' with message 'Unable to resolve the request "images/ico/favicon.ico".' in D:\www\GitHub\crisu83\yiistrap-docs\vendor\yiisoft\yii\framework\web\CWebApplication.php:286
Stack trace:
#0 D:\www\GitHub\crisu83\yiistrap-docs\vendor\yiisoft\yii\framework\web\CWebApplication.php(141): CWebApplication->runController('images/ico/favi...')
#1 D:\www\GitHub\crisu83\yiistrap-docs\vendor\yiisoft\yii\framework\base\CApplication.php(169): CWebApplication->processRequest()
#2 D:\www\GitHub\crisu83\yiistrap-docs\web\index.php(24): CApplication->run()
#3 {main}
REQUEST_URI=/GitHub/crisu83/yiistrap-docs/web/images/ico/favicon.ico
---
2013/04/29 09:50:17 [error] [exception.CHttpException.404] exception 'CHttpException' with message 'Unable to resolve the request "images/ico/favicon.ico".' in D:\www\GitHub\crisu83\yiistrap-docs\vendor\yiisoft\yii\framework\web\CWebApplication.php:286
Stack trace:
#0 D:\www\GitHub\crisu83\yiistrap-docs\vendor\yiisoft\yii\framework\web\CWebApplication.php(141): CWebApplication->runController('images/ico/favi...')
#1 D:\www\GitHub\crisu83\yiistrap-docs\vendor\yiisoft\yii\framework\base\CApplication.php(169): CWebApplication->processRequest()
#2 D:\www\GitHub\crisu83\yiistrap-docs\web\index.php(24): CApplication->run()
#3 {main}
REQUEST_URI=/GitHub/crisu83/yiistrap-docs/web/images/ico/favicon.ico
---
2013/04/29 09:50:19 [error] [exception.CHttpException.404] exception 'CHttpException' with message 'Unable to resolve the request "images/ico/favicon.ico".' in D:\www\GitHub\crisu83\yiistrap-docs\vendor\yiisoft\yii\framework\web\CWebApplication.php:286
Stack trace:
#0 D:\www\GitHub\crisu83\yiistrap-docs\vendor\yiisoft\yii\framework\web\CWebApplication.php(141): CWebApplication->runController('images/ico/favi...')
#1 D:\www\GitHub\crisu83\yiistrap-docs\vendor\yiisoft\yii\framework\base\CApplication.php(169): CWebApplication->processRequest()
#2 D:\www\GitHub\crisu83\yiistrap-docs\web\index.php(24): CApplication->run()
#3 {main}
REQUEST_URI=/GitHub/crisu83/yiistrap-docs/web/images/ico/favicon.ico
---
2013/04/29 09:50:19 [error] [exception.CHttpException.404] exception 'CHttpException' with message 'The system is unable to find the requested action "holder.js".' in D:\www\GitHub\crisu83\yiistrap-docs\vendor\yiisoft\yii\framework\web\CController.php:483
Stack trace:
#0 D:\www\GitHub\crisu83\yiistrap-docs\vendor\yiisoft\yii\framework\web\CController.php(270): CController->missingAction('holder.js')
#1 D:\www\GitHub\crisu83\yiistrap-docs\vendor\yiisoft\yii\framework\web\CWebApplication.php(282): CController->run('holder.js')
#2 D:\www\GitHub\crisu83\yiistrap-docs\vendor\yiisoft\yii\framework\web\CWebApplication.php(141): CWebApplication->runController('site/holder.js/...')
#3 D:\www\GitHub\crisu83\yiistrap-docs\vendor\yiisoft\yii\framework\base\CApplication.php(169): CWebApplication->processRequest()
#4 D:\www\GitHub\crisu83\yiistrap-docs\web\index.php(24): CApplication->run()
#5 {main}
REQUEST_URI=/GitHub/crisu83/yiistrap-docs/web/site/holder.js/260x180
HTTP_REFERER=http://localhost/GitHub/crisu83/yiistrap-docs/web/site/components
---
2013/04/29 09:50:19 [error] [exception.CHttpException.404] exception 'CHttpException' with message 'The system is unable to find the requested action "holder.js".' in D:\www\GitHub\crisu83\yiistrap-docs\vendor\yiisoft\yii\framework\web\CController.php:483
Stack trace:
#0 D:\www\GitHub\crisu83\yiistrap-docs\vendor\yiisoft\yii\framework\web\CController.php(270): CController->missingAction('holder.js')
#1 D:\www\GitHub\crisu83\yiistrap-docs\vendor\yiisoft\yii\framework\web\CWebApplication.php(282): CController->run('holder.js')
#2 D:\www\GitHub\crisu83\yiistrap-docs\vendor\yiisoft\yii\framework\web\CWebApplication.php(141): CWebApplication->runController('site/holder.js/...')
#3 D:\www\GitHub\crisu83\yiistrap-docs\vendor\yiisoft\yii\framework\base\CApplication.php(169): CWebApplication->processRequest()
#4 D:\www\GitHub\crisu83\yiistrap-docs\web\index.php(24): CApplication->run()
#5 {main}
REQUEST_URI=/GitHub/crisu83/yiistrap-docs/web/site/holder.js/64x64
HTTP_REFERER=http://localhost/GitHub/crisu83/yiistrap-docs/web/site/components
---
2013/04/29 09:50:19 [error] [exception.CHttpException.404] exception 'CHttpException' with message 'The system is unable to find the requested action "holder.js".' in D:\www\GitHub\crisu83\yiistrap-docs\vendor\yiisoft\yii\framework\web\CController.php:483
Stack trace:
#0 D:\www\GitHub\crisu83\yiistrap-docs\vendor\yiisoft\yii\framework\web\CController.php(270): CController->missingAction('holder.js')
#1 D:\www\GitHub\crisu83\yiistrap-docs\vendor\yiisoft\yii\framework\web\CWebApplication.php(282): CController->run('holder.js')
#2 D:\www\GitHub\crisu83\yiistrap-docs\vendor\yiisoft\yii\framework\web\CWebApplication.php(141): CWebApplication->runController('site/holder.js/...')
#3 D:\www\GitHub\crisu83\yiistrap-docs\vendor\yiisoft\yii\framework\base\CApplication.php(169): CWebApplication->processRequest()
#4 D:\www\GitHub\crisu83\yiistrap-docs\web\index.php(24): CApplication->run()
#5 {main}
REQUEST_URI=/GitHub/crisu83/yiistrap-docs/web/site/holder.js/140x140
HTTP_REFERER=http://localhost/GitHub/crisu83/yiistrap-docs/web/site/components
---
2013/04/29 09:50:19 [error] [exception.CHttpException.404] exception 'CHttpException' with message 'The system is unable to find the requested action "holder.js".' in D:\www\GitHub\crisu83\yiistrap-docs\vendor\yiisoft\yii\framework\web\CController.php:483
Stack trace:
#0 D:\www\GitHub\crisu83\yiistrap-docs\vendor\yiisoft\yii\framework\web\CController.php(270): CController->missingAction('holder.js')
#1 D:\www\GitHub\crisu83\yiistrap-docs\vendor\yiisoft\yii\framework\web\CWebApplication.php(282): CController->run('holder.js')
#2 D:\www\GitHub\crisu83\yiistrap-docs\vendor\yiisoft\yii\framework\web\CWebApplication.php(141): CWebApplication->runController('site/holder.js/...')
#3 D:\www\GitHub\crisu83\yiistrap-docs\vendor\yiisoft\yii\framework\base\CApplication.php(169): CWebApplication->processRequest()
#4 D:\www\GitHub\crisu83\yiistrap-docs\web\index.php(24): CApplication->run()
#5 {main}
REQUEST_URI=/GitHub/crisu83/yiistrap-docs/web/site/holder.js/300x200
HTTP_REFERER=http://localhost/GitHub/crisu83/yiistrap-docs/web/site/components
---
2013/04/29 09:50:20 [error] [exception.CHttpException.404] exception 'CHttpException' with message 'Unable to resolve the request "images/ico/favicon.ico".' in D:\www\GitHub\crisu83\yiistrap-docs\vendor\yiisoft\yii\framework\web\CWebApplication.php:286
Stack trace:
#0 D:\www\GitHub\crisu83\yiistrap-docs\vendor\yiisoft\yii\framework\web\CWebApplication.php(141): CWebApplication->runController('images/ico/favi...')
#1 D:\www\GitHub\crisu83\yiistrap-docs\vendor\yiisoft\yii\framework\base\CApplication.php(169): CWebApplication->processRequest()
#2 D:\www\GitHub\crisu83\yiistrap-docs\web\index.php(24): CApplication->run()
#3 {main}
REQUEST_URI=/GitHub/crisu83/yiistrap-docs/web/images/ico/favicon.ico
---
2013/04/29 09:50:23 [error] [exception.CHttpException.404] exception 'CHttpException' with message 'The system is unable to find the requested action "holder.js".' in D:\www\GitHub\crisu83\yiistrap-docs\vendor\yiisoft\yii\framework\web\CController.php:483
Stack trace:
#0 D:\www\GitHub\crisu83\yiistrap-docs\vendor\yiisoft\yii\framework\web\CController.php(270): CController->missingAction('holder.js')
#1 D:\www\GitHub\crisu83\yiistrap-docs\vendor\yiisoft\yii\framework\web\CWebApplication.php(282): CController->run('holder.js')
#2 D:\www\GitHub\crisu83\yiistrap-docs\vendor\yiisoft\yii\framework\web\CWebApplication.php(141): CWebApplication->runController('site/holder.js/...')
#3 D:\www\GitHub\crisu83\yiistrap-docs\vendor\yiisoft\yii\framework\base\CApplication.php(169): CWebApplication->processRequest()
#4 D:\www\GitHub\crisu83\yiistrap-docs\web\index.php(24): CApplication->run()
#5 {main}
REQUEST_URI=/GitHub/crisu83/yiistrap-docs/web/site/holder.js/660x380
HTTP_REFERER=http://localhost/GitHub/crisu83/yiistrap-docs/web/site/javascript
---
2013/04/29 09:50:23 [error] [exception.CHttpException.404] exception 'CHttpException' with message 'Unable to resolve the request "images/ico/favicon.ico".' in D:\www\GitHub\crisu83\yiistrap-docs\vendor\yiisoft\yii\framework\web\CWebApplication.php:286
Stack trace:
#0 D:\www\GitHub\crisu83\yiistrap-docs\vendor\yiisoft\yii\framework\web\CWebApplication.php(141): CWebApplication->runController('images/ico/favi...')
#1 D:\www\GitHub\crisu83\yiistrap-docs\vendor\yiisoft\yii\framework\base\CApplication.php(169): CWebApplication->processRequest()
#2 D:\www\GitHub\crisu83\yiistrap-docs\web\index.php(24): CApplication->run()
#3 {main}
REQUEST_URI=/GitHub/crisu83/yiistrap-docs/web/images/ico/favicon.ico
---
2013/04/29 09:50:27 [error] [exception.CHttpException.404] exception 'CHttpException' with message 'Unable to resolve the request "images/ico/favicon.ico".' in D:\www\GitHub\crisu83\yiistrap-docs\vendor\yiisoft\yii\framework\web\CWebApplication.php:286
Stack trace:
#0 D:\www\GitHub\crisu83\yiistrap-docs\vendor\yiisoft\yii\framework\web\CWebApplication.php(141): CWebApplication->runController('images/ico/favi...')
#1 D:\www\GitHub\crisu83\yiistrap-docs\vendor\yiisoft\yii\framework\base\CApplication.php(169): CWebApplication->processRequest()
#2 D:\www\GitHub\crisu83\yiistrap-docs\web\index.php(24): CApplication->run()
#3 {main}
REQUEST_URI=/GitHub/crisu83/yiistrap-docs/web/images/ico/favicon.ico
---
